2019-10-22 14:38:14,374 [main] [org.apache.http.impl.conn.PoolingClientConnectionManager]-[DEBUG] Connection leased: [id: 2][route: {}->http://192.168.5.130:8080][total kept alive: 0; route allocated: 1 of 32; total allocated: 1 of 128]
2019-10-22 14:38:14,374 [main] [org.apache.http.impl.client.SystemDefaultHttpClient]-[DEBUG] Stale connection check
2019-10-22 14:38:14,375 [main] [org.apache.http.client.protocol.RequestAddCookies]-[DEBUG] CookieSpec selected: best-match
2019-10-22 14:38:14,375 [main] [org.apache.http.client.protocol.RequestAuthCache]-[DEBUG] Auth cache not set in the context
2019-10-22 14:38:14,375 [main] [org.apache.http.client.protocol.RequestTargetAuthentication]-[DEBUG] Target auth state: UNCHALLENGED
2019-10-22 14:38:14,376 [main] [org.apache.http.client.protocol.RequestProxyAuthentication]-[DEBUG] Proxy auth state: UNCHALLENGED
2019-10-22 14:38:14,376 [main] [org.apache.http.impl.client.SystemDefaultHttpClient]-[DEBUG] Attempt 1 to execute request
2019-10-22 14:38:14,376 [main] [org.apache.http.impl.conn.DefaultClientConnection]-[DEBUG] Sending request: POST /solr/update HTTP/1.1
2019-10-22 14:38:14,376 [main] [org.apache.http.wire]-[DEBUG]  >> "POST /solr/update HTTP/1.1[\r][\n]"
2019-10-22 14:38:14,376 [main] [org.apache.http.wire]-[DEBUG]  >> "Content-Type: application/x-www-form-urlencoded; charset=UTF-8[\r][\n]"
2019-10-22 14:38:14,376 [main] [org.apache.http.wire]-[DEBUG]  >> "User-Agent: Solr[org.apache.solr.client.solrj.impl.HttpSolrServer] 1.0[\r][\n]"
2019-10-22 14:38:14,376 [main] [org.apache.http.wire]-[DEBUG]  >> "Content-Length: 67[\r][\n]"
2019-10-22 14:38:14,376 [main] [org.apache.http.wire]-[DEBUG]  >> "Host: 192.168.5.130:8080[\r][\n]"
2019-10-22 14:38:14,376 [main] [org.apache.http.wire]-[DEBUG]  >> "Connection: Keep-Alive[\r][\n]"
2019-10-22 14:38:14,376 [main] [org.apache.http.wire]-[DEBUG]  >> "[\r][\n]"
2019-10-22 14:38:14,377 [main] [org.apache.http.headers]-[DEBUG] >> POST /solr/update HTTP/1.1
2019-10-22 14:38:14,377 [main] [org.apache.http.headers]-[DEBUG] >> Content-Type: application/x-www-form-urlencoded; charset=UTF-8
2019-10-22 14:38:14,377 [main] [org.apache.http.headers]-[DEBUG] >> User-Agent: Solr[org.apache.solr.client.solrj.impl.HttpSolrServer] 1.0
2019-10-22 14:38:14,377 [main] [org.apache.http.headers]-[DEBUG] >> Content-Length: 67
2019-10-22 14:38:14,377 [main] [org.apache.http.headers]-[DEBUG] >> Host: 192.168.5.130:8080
2019-10-22 14:38:14,377 [main] [org.apache.http.headers]-[DEBUG] >> Connection: Keep-Alive
2019-10-22 14:38:14,377 [main] [org.apache.http.wire]-[DEBUG]  >> "commit=true&softCommit=false&waitSearcher=true&wt=javabin&version=2"
2019-10-22 14:38:14,458 [main] [org.apache.http.wire]-[DEBUG]  << "HTTP/1.1 200 OK[\r][\n]"
2019-10-22 14:38:14,459 [main] [org.apache.http.wire]-[DEBUG]  << "Server: Apache-Coyote/1.1[\r][\n]"
2019-10-22 14:38:14,459 [main] [org.apache.http.wire]-[DEBUG]  << "Content-Type: application/octet-stream[\r][\n]"
2019-10-22 14:38:14,459 [main] [org.apache.http.wire]-[DEBUG]  << "Content-Length: 41[\r][\n]"
2019-10-22 14:38:14,459 [main] [org.apache.http.wire]-[DEBUG]  << "Date: Tue, 22 Oct 2019 06:37:48 GMT[\r][\n]"
2019-10-22 14:38:14,459 [main] [org.apache.http.wire]-[DEBUG]  << "[\r][\n]"
2019-10-22 14:38:14,459 [main] [org.apache.http.impl.conn.DefaultClientConnection]-[DEBUG] Receiving response: HTTP/1.1 200 OK
2019-10-22 14:38:14,459 [main] [org.apache.http.headers]-[DEBUG] << HTTP/1.1 200 OK
2019-10-22 14:38:14,459 [main] [org.apache.http.headers]-[DEBUG] << Server: Apache-Coyote/1.1
2019-10-22 14:38:14,459 [main] [org.apache.http.headers]-[DEBUG] << Content-Type: application/octet-stream
2019-10-22 14:38:14,459 [main] [org.apache.http.headers]-[DEBUG] << Content-Length: 41
2019-10-22 14:38:14,459 [main] [org.apache.http.headers]-[DEBUG] << Date: Tue, 22 Oct 2019 06:37:48 GMT
2019-10-22 14:38:14,459 [main] [org.apache.http.impl.client.SystemDefaultHttpClient]-[DEBUG] Connection can be kept alive indefinitely
2019-10-22 14:38:14,459 [main] [org.apache.http.wire]-[DEBUG]  << "[0x2][0xa1][0xe0].responseHeader[0xa2][0xe0]&status[0x6][0x0][0x0][0x0][0x0][0xe0]%QTimeP[0x5]"
2019-10-22 14:38:14,460 [main] [org.apache.http.impl.conn.PoolingClientConnectionManager]-[DEBUG] Connection [id: 2][route: {}->http://192.168.5.130:8080] can be kept alive indefinitely
2019-10-22 14:38:14,460 [main] [org.apache.http.impl.conn.PoolingClientConnectionManager]-[DEBUG] Connection released: [id: 2][route: {}->http://192.168.5.130:8080][total kept alive: 1; route allocated: 1 of 32; total allocated: 1 of 128]
2019-10-22 14:45:13,968 [main] [org.apache.solr.client.solrj.impl.HttpClientUtil]-[DEBUG] Creating new http client, config:maxConnections=128&maxConnectionsPerHost=32&followRedirects=false
2019-10-22 14:45:14,258 [main] [org.apache.http.impl.conn.PoolingClientConnectionManager]-[DEBUG] Connection request: [route: {}->http://192.168.5.130:8080][total kept alive: 0; route allocated: 0 of 32; total allocated: 0 of 128]
2019-10-22 14:45:14,269 [main] [org.apache.http.impl.conn.PoolingClientConnectionManager]-[DEBUG] Connection leased: [id: 0][route: {}->http://192.168.5.130:8080][total kept alive: 0; route allocated: 1 of 32; total allocated: 1 of 128]
2019-10-22 14:45:14,271 [main] [org.apache.http.impl.conn.DefaultClientConnectionOperator]-[DEBUG] Connecting to 192.168.5.130:8080
2019-10-22 14:45:14,301 [main] [org.apache.http.client.protocol.RequestAddCookies]-[DEBUG] CookieSpec selected: best-match
2019-10-22 14:45:14,311 [main] [org.apache.http.client.protocol.RequestAuthCache]-[DEBUG] Auth cache not set in the context
2019-10-22 14:45:14,312 [main] [org.apache.http.client.protocol.RequestTargetAuthentication]-[DEBUG] Target auth state: UNCHALLENGED
2019-10-22 14:45:14,312 [main] [org.apache.http.client.protocol.RequestProxyAuthentication]-[DEBUG] Proxy auth state: UNCHALLENGED
2019-10-22 14:45:14,312 [main] [org.apache.http.impl.client.SystemDefaultHttpClient]-[DEBUG] Attempt 1 to execute request
2019-10-22 14:45:14,312 [main] [org.apache.http.impl.conn.DefaultClientConnection]-[DEBUG] Sending request: GET /solr/select?q=*%3A*&start=20&rows=50&wt=javabin&version=2 HTTP/1.1
2019-10-22 14:45:14,313 [main] [org.apache.http.wire]-[DEBUG]  >> "GET /solr/select?q=*%3A*&start=20&rows=50&wt=javabin&version=2 HTTP/1.1[\r][\n]"
2019-10-22 14:45:14,313 [main] [org.apache.http.wire]-[DEBUG]  >> "User-Agent: Solr[org.apache.solr.client.solrj.impl.HttpSolrServer] 1.0[\r][\n]"
2019-10-22 14:45:14,314 [main] [org.apache.http.wire]-[DEBUG]  >> "Host: 192.168.5.130:8080[\r][\n]"
2019-10-22 14:45:14,314 [main] [org.apache.http.wire]-[DEBUG]  >> "Connection: Keep-Alive[\r][\n]"
2019-10-22 14:45:14,314 [main] [org.apache.http.wire]-[DEBUG]  >> "[\r][\n]"
2019-10-22 14:45:14,314 [main] [org.apache.http.headers]-[DEBUG] >> GET /solr/select?q=*%3A*&start=20&rows=50&wt=javabin&version=2 HTTP/1.1
2019-10-22 14:45:14,314 [main] [org.apache.http.headers]-[DEBUG] >> User-Agent: Solr[org.apache.solr.client.solrj.impl.HttpSolrServer] 1.0
2019-10-22 14:45:14,314 [main] [org.apache.http.headers]-[DEBUG] >> Host: 192.168.5.130:8080
2019-10-22 14:45:14,314 [main] [org.apache.http.headers]-[DEBUG] >> Connection: Keep-Alive
2019-10-22 14:45:14,316 [main] [org.apache.http.wire]-[DEBUG]  << "HTTP/1.1 200 OK[\r][\n]"
2019-10-22 14:45:14,317 [main] [org.apache.http.wire]-[DEBUG]  << "Server: Apache-Coyote/1.1[\r][\n]"
2019-10-22 14:45:14,317 [main] [org.apache.http.wire]-[DEBUG]  << "Content-Type: application/octet-stream[\r][\n]"
2019-10-22 14:45:14,317 [main] [org.apache.http.wire]-[DEBUG]  << "Content-Length: 119[\r][\n]"
2019-10-22 14:45:14,317 [main] [org.apache.http.wire]-[DEBUG]  << "Date: Tue, 22 Oct 2019 06:44:48 GMT[\r][\n]"
2019-10-22 14:45:14,317 [main] [org.apache.http.wire]-[DEBUG]  << "[\r][\n]"
2019-10-22 14:45:14,318 [main] [org.apache.http.impl.conn.DefaultClientConnection]-[DEBUG] Receiving response: HTTP/1.1 200 OK
2019-10-22 14:45:14,318 [main] [org.apache.http.headers]-[DEBUG] << HTTP/1.1 200 OK
2019-10-22 14:45:14,318 [main] [org.apache.http.headers]-[DEBUG] << Server: Apache-Coyote/1.1
2019-10-22 14:45:14,318 [main] [org.apache.http.headers]-[DEBUG] << Content-Type: application/octet-stream
2019-10-22 14:45:14,318 [main] [org.apache.http.headers]-[DEBUG] << Content-Length: 119
2019-10-22 14:45:14,318 [main] [org.apache.http.headers]-[DEBUG] << Date: Tue, 22 Oct 2019 06:44:48 GMT
2019-10-22 14:45:14,320 [main] [org.apache.http.impl.client.SystemDefaultHttpClient]-[DEBUG] Connection can be kept alive indefinitely
2019-10-22 14:45:14,333 [main] [org.apache.http.wire]-[DEBUG]  << "[0x2][0xa2][0xe0].responseHeader[0xa3][0xe0]&status[0x6][0x0][0x0][0x0][0x0][0xe0]%QTime[0x6][0x0][0x0][0x0][0x0][0xe0]&params[0xa5][0xe0]!q#*:*[0xe0]%start"20[0xe0]$rows"50[0xe0]"wt'javabin[0xe0]'version!2[0xe0](response[0xc][0x83]at[0x1][0x0][0x80]"
2019-10-22 14:45:14,335 [main] [org.apache.http.impl.conn.PoolingClientConnectionManager]-[DEBUG] Connection [id: 0][route: {}->http://192.168.5.130:8080] can be kept alive indefinitely
2019-10-22 14:45:14,335 [main] [org.apache.http.impl.conn.PoolingClientConnectionManager]-[DEBUG] Connection released: [id: 0][route: {}->http://192.168.5.130:8080][total kept alive: 1; route allocated: 1 of 32; total allocated: 1 of 128]
2019-10-22 14:45:14,336 [main] [org.apache.solr.client.solrj.impl.HttpClientUtil]-[DEBUG] Creating new http client, config:maxConnections=128&maxConnectionsPerHost=32&followRedirects=false
2019-10-22 14:45:14,340 [main] [org.apache.http.impl.conn.PoolingClientConnectionManager]-[DEBUG] Connection request: [route: {}->http://192.168.5.130:8080][total kept alive: 0; route allocated: 0 of 32; total allocated: 0 of 128]
2019-10-22 14:45:14,341 [main] [org.apache.http.impl.conn.PoolingClientConnectionManager]-[DEBUG] Connection leased: [id: 1][route: {}->http://192.168.5.130:8080][total kept alive: 0; route allocated: 1 of 32; total allocated: 1 of 128]
2019-10-22 14:45:14,341 [main] [org.apache.http.impl.conn.DefaultClientConnectionOperator]-[DEBUG] Connecting to 192.168.5.130:8080
2019-10-22 14:45:14,342 [main] [org.apache.http.client.protocol.RequestAddCookies]-[DEBUG] CookieSpec selected: best-match
2019-10-22 14:45:14,342 [main] [org.apache.http.client.protocol.RequestAuthCache]-[DEBUG] Auth cache not set in the context
2019-10-22 14:45:14,342 [main] [org.apache.http.client.protocol.RequestTargetAuthentication]-[DEBUG] Target auth state: UNCHALLENGED
2019-10-22 14:45:14,343 [main] [org.apache.http.client.protocol.RequestProxyAuthentication]-[DEBUG] Proxy auth state: UNCHALLENGED
2019-10-22 14:45:14,343 [main] [org.apache.http.impl.client.SystemDefaultHttpClient]-[DEBUG] Attempt 1 to execute request
2019-10-22 14:45:14,343 [main] [org.apache.http.impl.conn.DefaultClientConnection]-[DEBUG] Sending request: POST /solr/update?wt=javabin&version=2 HTTP/1.1
2019-10-22 14:45:14,343 [main] [org.apache.http.wire]-[DEBUG]  >> "POST /solr/update?wt=javabin&version=2 HTTP/1.1[\r][\n]"
2019-10-22 14:45:14,343 [main] [org.apache.http.wire]-[DEBUG]  >> "User-Agent: Solr[org.apache.solr.client.solrj.impl.HttpSolrServer] 1.0[\r][\n]"
2019-10-22 14:45:14,343 [main] [org.apache.http.wire]-[DEBUG]  >> "Transfer-Encoding: chunked[\r][\n]"
2019-10-22 14:45:14,343 [main] [org.apache.http.wire]-[DEBUG]  >> "Content-Type: application/xml; charset=UTF-8[\r][\n]"
2019-10-22 14:45:14,344 [main] [org.apache.http.wire]-[DEBUG]  >> "Host: 192.168.5.130:8080[\r][\n]"
2019-10-22 14:45:14,344 [main] [org.apache.http.wire]-[DEBUG]  >> "Connection: Keep-Alive[\r][\n]"
2019-10-22 14:45:14,344 [main] [org.apache.http.wire]-[DEBUG]  >> "[\r][\n]"
2019-10-22 14:45:14,344 [main] [org.apache.http.headers]-[DEBUG] >> POST /solr/update?wt=javabin&version=2 HTTP/1.1
2019-10-22 14:45:14,344 [main] [org.apache.http.headers]-[DEBUG] >> User-Agent: Solr[org.apache.solr.client.solrj.impl.HttpSolrServer] 1.0
2019-10-22 14:45:14,344 [main] [org.apache.http.headers]-[DEBUG] >> Transfer-Encoding: chunked
2019-10-22 14:45:14,344 [main] [org.apache.http.headers]-[DEBUG] >> Content-Type: application/xml; charset=UTF-8
2019-10-22 14:45:14,344 [main] [org.apache.http.headers]-[DEBUG] >> Host: 192.168.5.130:8080
2019-10-22 14:45:14,344 [main] [org.apache.http.headers]-[DEBUG] >> Connection: Keep-Alive
2019-10-22 14:45:14,345 [main] [org.apache.http.wire]-[DEBUG]  >> "23[\r][\n]"
2019-10-22 14:45:14,345 [main] [org.apache.http.wire]-[DEBUG]  >> "<delete><query>*:*</query></delete>"
2019-10-22 14:45:14,345 [main] [org.apache.http.wire]-[DEBUG]  >> "[\r][\n]"
2019-10-22 14:45:14,345 [main] [org.apache.http.wire]-[DEBUG]  >> "0[\r][\n]"
2019-10-22 14:45:14,345 [main] [org.apache.http.wire]-[DEBUG]  >> "[\r][\n]"
2019-10-22 14:45:14,367 [main] [org.apache.http.wire]-[DEBUG]  << "HTTP/1.1 200 OK[\r][\n]"
2019-10-22 14:45:14,368 [main] [org.apache.http.wire]-[DEBUG]  << "Server: Apache-Coyote/1.1[\r][\n]"
2019-10-22 14:45:14,368 [main] [org.apache.http.wire]-[DEBUG]  << "Content-Type: application/octet-stream[\r][\n]"
2019-10-22 14:45:14,368 [main] [org.apache.http.wire]-[DEBUG]  << "Content-Length: 41[\r][\n]"
2019-10-22 14:45:14,368 [main] [org.apache.http.wire]-[DEBUG]  << "Date: Tue, 22 Oct 2019 06:44:48 GMT[\r][\n]"
2019-10-22 14:45:14,368 [main] [org.apache.http.wire]-[DEBUG]  << "[\r][\n]"
2019-10-22 14:45:14,368 [main] [org.apache.http.impl.conn.DefaultClientConnection]-[DEBUG] Receiving response: HTTP/1.1 200 OK
2019-10-22 14:45:14,368 [main] [org.apache.http.headers]-[DEBUG] << HTTP/1.1 200 OK
2019-10-22 14:45:14,368 [main] [org.apache.http.headers]-[DEBUG] << Server: Apache-Coyote/1.1
2019-10-22 14:45:14,368 [main] [org.apache.http.headers]-[DEBUG] << Content-Type: application/octet-stream
2019-10-22 14:45:14,368 [main] [org.apache.http.headers]-[DEBUG] << Content-Length: 41
2019-10-22 14:45:14,368 [main] [org.apache.http.headers]-[DEBUG] << Date: Tue, 22 Oct 2019 06:44:48 GMT
2019-10-22 14:45:14,369 [main] [org.apache.http.impl.client.SystemDefaultHttpClient]-[DEBUG] Connection can be kept alive indefinitely
2019-10-22 14:45:14,369 [main] [org.apache.http.wire]-[DEBUG]  << "[0x2][0xa1][0xe0].responseHeader[0xa2][0xe0]&status[0x6][0x0][0x0][0x0][0x0][0xe0]%QTimeU[0x1]"
2019-10-22 14:45:14,370 [main] [org.apache.http.impl.conn.PoolingClientConnectionManager]-[DEBUG] Connection [id: 1][route: {}->http://192.168.5.130:8080] can be kept alive indefinitely
2019-10-22 14:45:14,370 [main] [org.apache.http.impl.conn.PoolingClientConnectionManager]-[DEBUG] Connection released: [id: 1][route: {}->http://192.168.5.130:8080][total kept alive: 1; route allocated: 1 of 32; total allocated: 1 of 128]
2019-10-22 14:45:14,372 [main] [org.apache.http.impl.conn.PoolingClientConnectionManager]-[DEBUG] Connection request: [route: {}->http://192.168.5.130:8080][total kept alive: 1; route allocated: 1 of 32; total allocated: 1 of 128]
2019-10-22 14:45:14,373 [main] [org.apache.http.impl.conn.PoolingClientConnectionManager]-[DEBUG] Connection leased: [id: 1][route: {}->http://192.168.5.130:8080][total kept alive: 0; route allocated: 1 of 32; total allocated: 1 of 128]
2019-10-22 14:45:14,373 [main] [org.apache.http.impl.client.SystemDefaultHttpClient]-[DEBUG] Stale connection check
2019-10-22 14:45:14,374 [main] [org.apache.http.client.protocol.RequestAddCookies]-[DEBUG] CookieSpec selected: best-match
2019-10-22 14:45:14,374 [main] [org.apache.http.client.protocol.RequestAuthCache]-[DEBUG] Auth cache not set in the context
2019-10-22 14:45:14,374 [main] [org.apache.http.client.protocol.RequestTargetAuthentication]-[DEBUG] Target auth state: UNCHALLENGED
2019-10-22 14:45:14,374 [main] [org.apache.http.client.protocol.RequestProxyAuthentication]-[DEBUG] Proxy auth state: UNCHALLENGED
2019-10-22 14:45:14,374 [main] [org.apache.http.impl.client.SystemDefaultHttpClient]-[DEBUG] Attempt 1 to execute request
2019-10-22 14:45:14,375 [main] [org.apache.http.impl.conn.DefaultClientConnection]-[DEBUG] Sending request: POST /solr/update HTTP/1.1
2019-10-22 14:45:14,375 [main] [org.apache.http.wire]-[DEBUG]  >> "POST /solr/update HTTP/1.1[\r][\n]"
2019-10-22 14:45:14,375 [main] [org.apache.http.wire]-[DEBUG]  >> "Content-Type: application/x-www-form-urlencoded; charset=UTF-8[\r][\n]"
2019-10-22 14:45:14,375 [main] [org.apache.http.wire]-[DEBUG]  >> "User-Agent: Solr[org.apache.solr.client.solrj.impl.HttpSolrServer] 1.0[\r][\n]"
2019-10-22 14:45:14,375 [main] [org.apache.http.wire]-[DEBUG]  >> "Content-Length: 67[\r][\n]"
2019-10-22 14:45:14,375 [main] [org.apache.http.wire]-[DEBUG]  >> "Host: 192.168.5.130:8080[\r][\n]"
2019-10-22 14:45:14,375 [main] [org.apache.http.wire]-[DEBUG]  >> "Connection: Keep-Alive[\r][\n]"
2019-10-22 14:45:14,375 [main] [org.apache.http.wire]-[DEBUG]  >> "[\r][\n]"
2019-10-22 14:45:14,376 [main] [org.apache.http.headers]-[DEBUG] >> POST /solr/update HTTP/1.1
2019-10-22 14:45:14,376 [main] [org.apache.http.headers]-[DEBUG] >> Content-Type: application/x-www-form-urlencoded; charset=UTF-8
2019-10-22 14:45:14,376 [main] [org.apache.http.headers]-[DEBUG] >> User-Agent: Solr[org.apache.solr.client.solrj.impl.HttpSolrServer] 1.0
2019-10-22 14:45:14,376 [main] [org.apache.http.headers]-[DEBUG] >> Content-Length: 67
2019-10-22 14:45:14,376 [main] [org.apache.http.headers]-[DEBUG] >> Host: 192.168.5.130:8080
2019-10-22 14:45:14,376 [main] [org.apache.http.headers]-[DEBUG] >> Connection: Keep-Alive
2019-10-22 14:45:14,376 [main] [org.apache.http.wire]-[DEBUG]  >> "commit=true&softCommit=false&waitSearcher=true&wt=javabin&version=2"
2019-10-22 14:45:14,393 [main] [org.apache.http.wire]-[DEBUG]  << "HTTP/1.1 200 OK[\r][\n]"
2019-10-22 14:45:14,393 [main] [org.apache.http.wire]-[DEBUG]  << "Server: Apache-Coyote/1.1[\r][\n]"
2019-10-22 14:45:14,393 [main] [org.apache.http.wire]-[DEBUG]  << "Content-Type: application/octet-stream[\r][\n]"
2019-10-22 14:45:14,393 [main] [org.apache.http.wire]-[DEBUG]  << "Content-Length: 41[\r][\n]"
2019-10-22 14:45:14,393 [main] [org.apache.http.wire]-[DEBUG]  << "Date: Tue, 22 Oct 2019 06:44:48 GMT[\r][\n]"
2019-10-22 14:45:14,393 [main] [org.apache.http.wire]-[DEBUG]  << "[\r][\n]"
2019-10-22 14:45:14,393 [main] [org.apache.http.impl.conn.DefaultClientConnection]-[DEBUG] Receiving response: HTTP/1.1 200 OK
2019-10-22 14:45:14,394 [main] [org.apache.http.headers]-[DEBUG] << HTTP/1.1 200 OK
2019-10-22 14:45:14,394 [main] [org.apache.http.headers]-[DEBUG] << Server: Apache-Coyote/1.1
2019-10-22 14:45:14,394 [main] [org.apache.http.headers]-[DEBUG] << Content-Type: application/octet-stream
2019-10-22 14:45:14,394 [main] [org.apache.http.headers]-[DEBUG] << Content-Length: 41
2019-10-22 14:45:14,394 [main] [org.apache.http.headers]-[DEBUG] << Date: Tue, 22 Oct 2019 06:44:48 GMT
2019-10-22 14:45:14,394 [main] [org.apache.http.impl.client.SystemDefaultHttpClient]-[DEBUG] Connection can be kept alive indefinitely
2019-10-22 14:45:14,394 [main] [org.apache.http.wire]-[DEBUG]  << "[0x2][0xa1][0xe0].responseHeader[0xa2][0xe0]&status[0x6][0x0][0x0][0x0][0x0][0xe0]%QTime_[0x0]"
2019-10-22 14:45:14,394 [main] [org.apache.http.impl.conn.PoolingClientConnectionManager]-[DEBUG] Connection [id: 1][route: {}->http://192.168.5.130:8080] can be kept alive indefinitely
2019-10-22 14:45:14,395 [main] [org.apache.http.impl.conn.PoolingClientConnectionManager]-[DEBUG] Connection released: [id: 1][route: {}->http://192.168.5.130:8080][total kept alive: 1; route allocated: 1 of 32; total allocated: 1 of 128]
2019-10-22 14:45:14,395 [main] [org.apache.solr.client.solrj.impl.HttpClientUtil]-[DEBUG] Creating new http client, config:maxConnections=128&maxConnectionsPerHost=32&followRedirects=false
2019-10-22 14:45:14,397 [main] [org.apache.http.impl.conn.PoolingClientConnectionManager]-[DEBUG] Connection request: [route: {}->http://192.168.5.130:8080][total kept alive: 0; route allocated: 0 of 32; total allocated: 0 of 128]
2019-10-22 14:45:14,398 [main] [org.apache.http.impl.conn.PoolingClientConnectionManager]-[DEBUG] Connection leased: [id: 2][route: {}->http://192.168.5.130:8080][total kept alive: 0; route allocated: 1 of 32; total allocated: 1 of 128]
2019-10-22 14:45:14,398 [main] [org.apache.http.impl.conn.DefaultClientConnectionOperator]-[DEBUG] Connecting to 192.168.5.130:8080
2019-10-22 14:45:14,399 [main] [org.apache.http.client.protocol.RequestAddCookies]-[DEBUG] CookieSpec selected: best-match
2019-10-22 14:45:14,399 [main] [org.apache.http.client.protocol.RequestAuthCache]-[DEBUG] Auth cache not set in the context
2019-10-22 14:45:14,399 [main] [org.apache.http.client.protocol.RequestTargetAuthentication]-[DEBUG] Target auth state: UNCHALLENGED
2019-10-22 14:45:14,399 [main] [org.apache.http.client.protocol.RequestProxyAuthentication]-[DEBUG] Proxy auth state: UNCHALLENGED
2019-10-22 14:45:14,399 [main] [org.apache.http.impl.client.SystemDefaultHttpClient]-[DEBUG] Attempt 1 to execute request
2019-10-22 14:45:14,399 [main] [org.apache.http.impl.conn.DefaultClientConnection]-[DEBUG] Sending request: POST /solr/update?wt=javabin&version=2 HTTP/1.1
2019-10-22 14:45:14,399 [main] [org.apache.http.wire]-[DEBUG]  >> "POST /solr/update?wt=javabin&version=2 HTTP/1.1[\r][\n]"
2019-10-22 14:45:14,400 [main] [org.apache.http.wire]-[DEBUG]  >> "User-Agent: Solr[org.apache.solr.client.solrj.impl.HttpSolrServer] 1.0[\r][\n]"
2019-10-22 14:45:14,400 [main] [org.apache.http.wire]-[DEBUG]  >> "Transfer-Encoding: chunked[\r][\n]"
2019-10-22 14:45:14,400 [main] [org.apache.http.wire]-[DEBUG]  >> "Content-Type: application/xml; charset=UTF-8[\r][\n]"
2019-10-22 14:45:14,400 [main] [org.apache.http.wire]-[DEBUG]  >> "Host: 192.168.5.130:8080[\r][\n]"
2019-10-22 14:45:14,400 [main] [org.apache.http.wire]-[DEBUG]  >> "Connection: Keep-Alive[\r][\n]"
2019-10-22 14:45:14,400 [main] [org.apache.http.wire]-[DEBUG]  >> "[\r][\n]"
2019-10-22 14:45:14,400 [main] [org.apache.http.headers]-[DEBUG] >> POST /solr/update?wt=javabin&version=2 HTTP/1.1
2019-10-22 14:45:14,400 [main] [org.apache.http.headers]-[DEBUG] >> User-Agent: Solr[org.apache.solr.client.solrj.impl.HttpSolrServer] 1.0
2019-10-22 14:45:14,400 [main] [org.apache.http.headers]-[DEBUG] >> Transfer-Encoding: chunked
2019-10-22 14:45:14,400 [main] [org.apache.http.headers]-[DEBUG] >> Content-Type: application/xml; charset=UTF-8
2019-10-22 14:45:14,400 [main] [org.apache.http.headers]-[DEBUG] >> Host: 192.168.5.130:8080
2019-10-22 14:45:14,400 [main] [org.apache.http.headers]-[DEBUG] >> Connection: Keep-Alive
2019-10-22 14:45:14,400 [main] [org.apache.http.wire]-[DEBUG]  >> "96[\r][\n]"
2019-10-22 14:45:14,400 [main] [org.apache.http.wire]-[DEBUG]  >> "<add><doc boost="1.0"><field name="id">test001</field><field name="item_title">[0xe6][0xb5][0x8b][0xe8][0xaf][0x95][0xe5][0x95][0x86][0xe5][0x93][0x81]2</field><field name="item_price">54321</field></doc></add>"
2019-10-22 14:45:14,400 [main] [org.apache.http.wire]-[DEBUG]  >> "[\r][\n]"
2019-10-22 14:45:14,400 [main] [org.apache.http.wire]-[DEBUG]  >> "0[\r][\n]"
2019-10-22 14:45:14,400 [main] [org.apache.http.wire]-[DEBUG]  >> "[\r][\n]"
2019-10-22 14:45:14,407 [main] [org.apache.http.wire]-[DEBUG]  << "HTTP/1.1 200 OK[\r][\n]"
2019-10-22 14:45:14,408 [main] [org.apache.http.wire]-[DEBUG]  << "Server: Apache-Coyote/1.1[\r][\n]"
2019-10-22 14:45:14,408 [main] [org.apache.http.wire]-[DEBUG]  << "Content-Type: application/octet-stream[\r][\n]"
2019-10-22 14:45:14,408 [main] [org.apache.http.wire]-[DEBUG]  << "Content-Length: 40[\r][\n]"
2019-10-22 14:45:14,408 [main] [org.apache.http.wire]-[DEBUG]  << "Date: Tue, 22 Oct 2019 06:44:48 GMT[\r][\n]"
2019-10-22 14:45:14,408 [main] [org.apache.http.wire]-[DEBUG]  << "[\r][\n]"
2019-10-22 14:45:14,408 [main] [org.apache.http.impl.conn.DefaultClientConnection]-[DEBUG] Receiving response: HTTP/1.1 200 OK
2019-10-22 14:45:14,408 [main] [org.apache.http.headers]-[DEBUG] << HTTP/1.1 200 OK
2019-10-22 14:45:14,408 [main] [org.apache.http.headers]-[DEBUG] << Server: Apache-Coyote/1.1
2019-10-22 14:45:14,409 [main] [org.apache.http.headers]-[DEBUG] << Content-Type: application/octet-stream
2019-10-22 14:45:14,409 [main] [org.apache.http.headers]-[DEBUG] << Content-Length: 40
2019-10-22 14:45:14,409 [main] [org.apache.http.headers]-[DEBUG] << Date: Tue, 22 Oct 2019 06:44:48 GMT
2019-10-22 14:45:14,409 [main] [org.apache.http.impl.client.SystemDefaultHttpClient]-[DEBUG] Connection can be kept alive indefinitely
2019-10-22 14:45:14,409 [main] [org.apache.http.wire]-[DEBUG]  << "[0x2][0xa1][0xe0].responseHeader[0xa2][0xe0]&status[0x6][0x0][0x0][0x0][0x0][0xe0]%QTimeF"
2019-10-22 14:45:14,409 [main] [org.apache.http.impl.conn.PoolingClientConnectionManager]-[DEBUG] Connection [id: 2][route: {}->http://192.168.5.130:8080] can be kept alive indefinitely
2019-10-22 14:45:14,409 [main] [org.apache.http.impl.conn.PoolingClientConnectionManager]-[DEBUG] Connection released: [id: 2][route: {}->http://192.168.5.130:8080][total kept alive: 1; route allocated: 1 of 32; total allocated: 1 of 128]
2019-10-22 14:45:14,410 [main] [org.apache.http.impl.conn.PoolingClientConnectionManager]-[DEBUG] Connection request: [route: {}->http://192.168.5.130:8080][total kept alive: 1; route allocated: 1 of 32; total allocated: 1 of 128]
2019-10-22 14:45:14,410 [main] [org.apache.http.impl.conn.PoolingClientConnectionManager]-[DEBUG] Connection leased: [id: 2][route: {}->http://192.168.5.130:8080][total kept alive: 0; route allocated: 1 of 32; total allocated: 1 of 128]
2019-10-22 14:45:14,410 [main] [org.apache.http.impl.client.SystemDefaultHttpClient]-[DEBUG] Stale connection check
2019-10-22 14:45:14,411 [main] [org.apache.http.client.protocol.RequestAddCookies]-[DEBUG] CookieSpec selected: best-match
2019-10-22 14:45:14,411 [main] [org.apache.http.client.protocol.RequestAuthCache]-[DEBUG] Auth cache not set in the context
2019-10-22 14:45:14,411 [main] [org.apache.http.client.protocol.RequestTargetAuthentication]-[DEBUG] Target auth state: UNCHALLENGED
2019-10-22 14:45:14,411 [main] [org.apache.http.client.protocol.RequestProxyAuthentication]-[DEBUG] Proxy auth state: UNCHALLENGED
2019-10-22 14:45:14,411 [main] [org.apache.http.impl.client.SystemDefaultHttpClient]-[DEBUG] Attempt 1 to execute request
2019-10-22 14:45:14,411 [main] [org.apache.http.impl.conn.DefaultClientConnection]-[DEBUG] Sending request: POST /solr/update HTTP/1.1
2019-10-22 14:45:14,412 [main] [org.apache.http.wire]-[DEBUG]  >> "POST /solr/update HTTP/1.1[\r][\n]"
2019-10-22 14:45:14,412 [main] [org.apache.http.wire]-[DEBUG]  >> "Content-Type: application/x-www-form-urlencoded; charset=UTF-8[\r][\n]"
2019-10-22 14:45:14,412 [main] [org.apache.http.wire]-[DEBUG]  >> "User-Agent: Solr[org.apache.solr.client.solrj.impl.HttpSolrServer] 1.0[\r][\n]"
2019-10-22 14:45:14,412 [main] [org.apache.http.wire]-[DEBUG]  >> "Content-Length: 67[\r][\n]"
2019-10-22 14:45:14,412 [main] [org.apache.http.wire]-[DEBUG]  >> "Host: 192.168.5.130:8080[\r][\n]"
2019-10-22 14:45:14,412 [main] [org.apache.http.wire]-[DEBUG]  >> "Connection: Keep-Alive[\r][\n]"
2019-10-22 14:45:14,412 [main] [org.apache.http.wire]-[DEBUG]  >> "[\r][\n]"
2019-10-22 14:45:14,412 [main] [org.apache.http.headers]-[DEBUG] >> POST /solr/update HTTP/1.1
2019-10-22 14:45:14,412 [main] [org.apache.http.headers]-[DEBUG] >> Content-Type: application/x-www-form-urlencoded; charset=UTF-8
2019-10-22 14:45:14,412 [main] [org.apache.http.headers]-[DEBUG] >> User-Agent: Solr[org.apache.solr.client.solrj.impl.HttpSolrServer] 1.0
2019-10-22 14:45:14,412 [main] [org.apache.http.headers]-[DEBUG] >> Content-Length: 67
2019-10-22 14:45:14,412 [main] [org.apache.http.headers]-[DEBUG] >> Host: 192.168.5.130:8080
2019-10-22 14:45:14,413 [main] [org.apache.http.headers]-[DEBUG] >> Connection: Keep-Alive
2019-10-22 14:45:14,413 [main] [org.apache.http.wire]-[DEBUG]  >> "commit=true&softCommit=false&waitSearcher=true&wt=javabin&version=2"
2019-10-22 14:45:14,447 [main] [org.apache.http.wire]-[DEBUG]  << "HTTP/1.1 200 OK[\r][\n]"
2019-10-22 14:45:14,447 [main] [org.apache.http.wire]-[DEBUG]  << "Server: Apache-Coyote/1.1[\r][\n]"
2019-10-22 14:45:14,447 [main] [org.apache.http.wire]-[DEBUG]  << "Content-Type: application/octet-stream[\r][\n]"
2019-10-22 14:45:14,447 [main] [org.apache.http.wire]-[DEBUG]  << "Content-Length: 41[\r][\n]"
2019-10-22 14:45:14,447 [main] [org.apache.http.wire]-[DEBUG]  << "Date: Tue, 22 Oct 2019 06:44:48 GMT[\r][\n]"
2019-10-22 14:45:14,447 [main] [org.apache.http.wire]-[DEBUG]  << "[\r][\n]"
2019-10-22 14:45:14,447 [main] [org.apache.http.impl.conn.DefaultClientConnection]-[DEBUG] Receiving response: HTTP/1.1 200 OK
2019-10-22 14:45:14,447 [main] [org.apache.http.headers]-[DEBUG] << HTTP/1.1 200 OK
2019-10-22 14:45:14,448 [main] [org.apache.http.headers]-[DEBUG] << Server: Apache-Coyote/1.1
2019-10-22 14:45:14,448 [main] [org.apache.http.headers]-[DEBUG] << Content-Type: application/octet-stream
2019-10-22 14:45:14,448 [main] [org.apache.http.headers]-[DEBUG] << Content-Length: 41
2019-10-22 14:45:14,448 [main] [org.apache.http.headers]-[DEBUG] << Date: Tue, 22 Oct 2019 06:44:48 GMT
2019-10-22 14:45:14,448 [main] [org.apache.http.impl.client.SystemDefaultHttpClient]-[DEBUG] Connection can be kept alive indefinitely
2019-10-22 14:45:14,448 [main] [org.apache.http.wire]-[DEBUG]  << "[0x2][0xa1][0xe0].responseHeader[0xa2][0xe0]&status[0x6][0x0][0x0][0x0][0x0][0xe0]%QTimeU[0x1]"
2019-10-22 14:45:14,448 [main] [org.apache.http.impl.conn.PoolingClientConnectionManager]-[DEBUG] Connection [id: 2][route: {}->http://192.168.5.130:8080] can be kept alive indefinitely
2019-10-22 14:45:14,448 [main] [org.apache.http.impl.conn.PoolingClientConnectionManager]-[DEBUG] Connection released: [id: 2][route: {}->http://192.168.5.130:8080][total kept alive: 1; route allocated: 1 of 32; total allocated: 1 of 128]
